Flutter crash report.
Please report a bug at https://github.com/flutter/flutter/issues.

## command

flutter --quiet assemble --depfile C:\Users\Darshan Koirala\Desktop\Projects\shabdakoshApp\build\app\intermediates\flutter\debug/flutter_build.d --output C:\Users\Darshan Koirala\Desktop\Projects\shabdakoshApp\build\app\intermediates\flutter\debug -dTargetFile=C:\Users\Darshan Koirala\Desktop\Projects\shabdakoshApp\lib\main.dart -dTargetPlatform=android -dBuildMode=debug -dTrackWidgetCreation=true --DartDefines=flutter.inspector.structuredErrors%3Dtrue debug_android_application

## exception

FileSystemException: FileSystemException: Cannot delete file, path = 'C:\Users\Darshan Koirala\Desktop\Projects\shabdakoshApp\build\app\intermediates\flutter\debug\flutter_assets\assets%5CEczar-Regular.ttf' (OS Error: Access is denied.
, errno = 5)

```
#0      _File.throwIfError (dart:io/file_impl.dart:635:7)
#1      _File._deleteSync (dart:io/file_impl.dart:298:5)
#2      FileSystemEntity.deleteSync (dart:io/file_system_entity.dart:455:47)
#3      ForwardingFileSystemEntity.deleteSync (package:file/src/forwarding/forwarding_file_system_entity.dart:72:16)
#4      ForwardingFileSystemEntity.deleteSync (package:file/src/forwarding/forwarding_file_system_entity.dart:72:16)
#5      FlutterBuildSystem.trackSharedBuildDirectory (package:flutter_tools/src/build_system/build_system.dart:702:26)
#6      FlutterBuildSystem.build (package:flutter_tools/src/build_system/build_system.dart:590:5)
<asynchronous suspension>
#7      AssembleCommand.runCommand (package:flutter_tools/src/commands/assemble.dart:221:58)
#8      FlutterCommand.verifyThenRunCommand (package:flutter_tools/src/runner/flutter_command.dart:972:18)
<asynchronous suspension>
#9      FlutterCommand.run.<anonymous closure> (package:flutter_tools/src/runner/flutter_command.dart:831:33)
<asynchronous suspension>
#10     FlutterCommand.run.<anonymous closure> (package:flutter_tools/src/runner/flutter_command.dart)
#11     AppContext.run.<anonymous closure> (package:flutter_tools/src/base/context.dart:150:29)
#12     _rootRun (dart:async/zone.dart:1190:13)
#13     _CustomZone.run (dart:async/zone.dart:1093:19)
#14     _runZoned (dart:async/zone.dart:1630:10)
#15     runZoned (dart:async/zone.dart:1550:10)
#16     AppContext.run (package:flutter_tools/src/base/context.dart:149:18)
#17     FlutterCommand.run (package:flutter_tools/src/runner/flutter_command.dart:820:20)
#18     CommandRunner.runCommand (package:args/command_runner.dart:197:27)
#19     FlutterCommandRunner.runCommand.<anonymous closure> (package:flutter_tools/src/runner/flutter_command_runner.dart:335:21)
<asynchronous suspension>
#20     FlutterCommandRunner.runCommand.<anonymous closure> (package:flutter_tools/src/runner/flutter_command_runner.dart)
#21     AppContext.run.<anonymous closure> (package:flutter_tools/src/base/context.dart:150:29)
#22     _rootRun (dart:async/zone.dart:1190:13)
#23     _CustomZone.run (dart:async/zone.dart:1093:19)
#24     _runZoned (dart:async/zone.dart:1630:10)
#25     runZoned (dart:async/zone.dart:1550:10)
#26     AppContext.run (package:flutter_tools/src/base/context.dart:149:18)
#27     FlutterCommandRunner.runCommand (package:flutter_tools/src/runner/flutter_command_runner.dart:281:19)
<asynchronous suspension>
#28     CommandRunner.run.<anonymous closure> (package:args/command_runner.dart:112:25)
#29     new Future.sync (dart:async/future.dart:223:31)
#30     CommandRunner.run (package:args/command_runner.dart:112:14)
#31     FlutterCommandRunner.run (package:flutter_tools/src/runner/flutter_command_runner.dart:230:18)
#32     run.<anonymous closure>.<anonymous closure> (package:flutter_tools/runner.dart:63:22)
#33     _rootRun (dart:async/zone.dart:1190:13)
#34     _CustomZone.run (dart:async/zone.dart:1093:19)
#35     _runZoned (dart:async/zone.dart:1630:10)
#36     runZonedGuarded (dart:async/zone.dart:1618:12)
#37     runZoned (dart:async/zone.dart:1547:12)
#38     run.<anonymous closure> (package:flutter_tools/runner.dart:61:18)
<asynchronous suspension>
#39     run.<anonymous closure> (package:flutter_tools/runner.dart)
#40     runInContext.runnerWrapper (package:flutter_tools/src/context_runner.dart:67:18)
<asynchronous suspension>
#41     runInContext.runnerWrapper (package:flutter_tools/src/context_runner.dart)
#42     AppContext.run.<anonymous closure> (package:flutter_tools/src/base/context.dart:150:29)
#43     _rootRun (dart:async/zone.dart:1190:13)
#44     _CustomZone.run (dart:async/zone.dart:1093:19)
#45     _runZoned (dart:async/zone.dart:1630:10)
#46     runZoned (dart:async/zone.dart:1550:10)
#47     AppContext.run (package:flutter_tools/src/base/context.dart:149:18)
#48     runInContext (package:flutter_tools/src/context_runner.dart:70:24)
#49     run (package:flutter_tools/runner.dart:46:10)
#50     main (package:flutter_tools/executable.dart:77:9)
#51     main (file:///E:/darshan/foto/flutter/packages/flutter_tools/bin/flutter_tools.dart:8:3)
#52     _startIsolate.<anonymous closure> (dart:isolate-patch/isolate_patch.dart:299:32)
#53     _RawReceivePortImpl._handleMessage (dart:isolate-patch/isolate_patch.dart:168:12)
```

## flutter doctor

```
[✓] Flutter (Channel beta, 1.22.0-12.1.pre, on Microsoft Windows [Version 10.0.18362.1082], locale en-US)
    • Flutter version 1.22.0-12.1.pre at E:\darshan\foto\flutter
    • Framework revision 8b3760638a (12 days ago), 2020-09-15 17:47:13 -0700
    • Engine revision 4654fc6cf6
    • Dart version 2.10.0 (build 2.10.0-110.3.beta)

[✓] Android toolchain - develop for Android devices (Android SDK version 30.0.2)
    • Android SDK at C:\Users\Darshan Koirala\AppData\Local\Android\sdk
    • Platform android-30, build-tools 30.0.2
    • Java binary at: C:\Program Files\Android\Android Studio\jre\bin\java
    • Java version OpenJDK Runtime Environment (build 1.8.0_242-release-1644-b01)
    • All Android licenses accepted.

[✓] Chrome - develop for the web
    • Chrome at C:\Program Files (x86)\Google\Chrome\Application\chrome.exe

[!] Android Studio (version 4.0)
    • Android Studio at C:\Program Files\Android\Android Studio
    ✗ Flutter plugin not installed; this adds Flutter specific functionality.
    ✗ Dart plugin not installed; this adds Dart specific functionality.
    • Java version OpenJDK Runtime Environment (build 1.8.0_242-release-1644-b01)

[✓] VS Code (version 1.49.2)
    • VS Code at C:\Users\Darshan Koirala\AppData\Local\Programs\Microsoft VS Code
    • Flutter extension version 3.14.1

[✓] Connected device (4 available)
    • SM M215F (mobile) • RZ8N70S8XYZ • android-arm64  • Android 10 (API 29)
    • Web Server (web)  • web-server  • web-javascript • Flutter Tools
    • Chrome (web)      • chrome      • web-javascript • Google Chrome 85.0.4183.121
    • Edge (web)        • edge        • web-javascript • Microsoft Edge 85.0.564.63

! Doctor found issues in 1 category.
```
